<?xml version="1.0" encoding="UTF-8"?>
<Site BuildName="(empty)"
	BuildStamp="20230729-1733-Experimental"
	Name="(empty)"
	Generator="ctest-3.26.4"
	CompilerName=""
	CompilerVersion=""
	OSName="macOS"
	Hostname="scott-millers-M1"
	OSRelease="13.4.1"
	OSVersion="22F82"
	OSPlatform="x86_64"
	Is64Bits="1"
	VendorString=""
	VendorID="Unknown Manufacturer"
	FamilyID="6"
	ModelID="0"
	ProcessorCacheSize="131072"
	NumberOfLogicalCPU="10"
	NumberOfPhysicalCPU="10"
	TotalVirtualMemory="2048"
	TotalPhysicalMemory="16384"
	LogicalProcessorsPerPhysical="10"
	ProcessorClockFrequency="2400"
	>
	<Testing>
		<StartDateTime>Jul 29 12:33 CDT</StartDateTime>
		<StartTestTime>1690651985</StartTestTime>
		<TestList/>
		<EndDateTime>Jul 29 12:33 CDT</EndDateTime>
		<EndTestTime>1690651985</EndTestTime>
		<ElapsedMinutes>0</ElapsedMinutes>
	</Testing>
</Site>
